Arguments: 
  /home/lucas/.asdf/installs/nodejs/16.14.0/bin/node /usr/sbin/yarn init

PATH: 
  /home/lucas/.asdf/plugins/nodejs/shims:/home/lucas/.asdf/installs/nodejs/16.14.0/.npm/bin:/home/lucas/.asdf/installs/nodejs/16.14.0/bin:/home/lucas/.local/bin:/home/lucas/.cargo/bin:/home/lucas/.asdf/shims:/opt/asdf-vm/bin:/usr/local/sbin:/usr/local/bin:/usr/sbin:/usr/bin:/sbin:/bin:/usr/games:/usr/local/games:/usr/lib/wsl/lib:/mnt/c/Program Files/Microsoft/jdk-11.0.12.7-hotspot/bin:/mnt/c/Windows/system32:/mnt/c/Windows:/mnt/c/Windows/System32/Wbem:/mnt/c/Windows/System32/WindowsPowerShell/v1.0/:/mnt/c/Windows/System32/OpenSSH/:/mnt/c/Program Files/dotnet/:/mnt/c/Program Files (x86)/NVIDIA Corporation/PhysX/Common:/mnt/c/ProgramData/chocolatey/bin:/mnt/c/Program Files/VSCodium/bin:/mnt/c/Program Files/Docker/Docker/resources/bin:/mnt/c/ProgramData/DockerDesktop/version-bin:/mnt/c/Program Files/Git/cmd:/mnt/c/Users/lucas/AppData/Local/Microsoft/WindowsApps:/mnt/c/Users/lucas/AppData/Local/Programs/Microsoft VS Code/bin:/mnt/c/Users/lucas/AppData/Local/Programs/VSCodium/bin:/mnt/c/Users/lucas/.dotnet/tools:/usr/bin/site_perl:/usr/bin/vendor_perl:/usr/bin/core_perl

Yarn version: 
  1.22.17

Node version: 
  16.14.0

Platform: 
  linux x64

Trace: 
  Error: canceled
      at Interface.<anonymous> (/usr/lib/node_modules/yarn/lib/cli.js:137143:13)
      at Interface.emit (node:events:520:28)
      at Interface._ttyWrite (node:readline:1081:16)
      at ReadStream.onkeypress (node:readline:288:10)
      at ReadStream.emit (node:events:520:28)
      at emitKeys (node:internal/readline/utils:358:14)
      at emitKeys.next (<anonymous>)
      at ReadStream.onData (node:internal/readline/emitKeypressEvents:61:36)
      at ReadStream.emit (node:events:520:28)
      at addChunk (node:internal/streams/readable:315:12)

npm manifest: 
  No manifest

yarn manifest: 
  No manifest

Lockfile: 
  No lockfile
